<?xml version="1.0" encoding="utf-8" standalone="no"?>
<test-run id="2" testcasecount="20" result="Passed" total="20" passed="20" failed="0" inconclusive="0" skipped="0" asserts="20" engine-version="3.7.0.0" clr-version="4.0.30319.42000" start-time="2017-10-01 10:36:24Z" end-time="2017-10-01 10:36:24Z" duration="0.952986">
  <command-line><![CDATA[nunit3-console  D:\GitHubRepository\EPAMUnitTest\LW2CalcTest\LW2CalcTest\bin\Debug\LW2CalcTest.dll]]></command-line>
  <test-suite type="Assembly" id="0-1021" name="LW2CalcTest.dll" fullname="D:\GitHubRepository\EPAMUnitTest\LW2CalcTest\LW2CalcTest\bin\Debug\LW2CalcTest.dll" runstate="Runnable" testcasecount="20" result="Passed" start-time="2017-10-01 10:36:24Z" end-time="2017-10-01 10:36:24Z" duration="0.079793" total="20" passed="20" failed="0" warnings="0" inconclusive="0" skipped="0" asserts="20">
    <environment framework-version="3.8.1.0" clr-version="4.0.30319.42000" os-version="Microsoft Windows NT 10.0.15063.0" platform="Win32NT" cwd="D:\GitHubRepository" machine-name="DESKTOP-V6F9DU5" user="frost" user-domain="DESKTOP-V6F9DU5" culture="ru-RU" uiculture="ru-RU" os-architecture="x64" />
    <settings>
      <setting name="DisposeRunners" value="True" />
      <setting name="WorkDirectory" value="D:\GitHubRepository" />
      <setting name="ImageRuntimeVersion" value="4.0.30319" />
      <setting name="ImageTargetFrameworkName" value=".NETFramework,Version=v4.6.1" />
      <setting name="ImageRequiresX86" value="False" />
      <setting name="ImageRequiresDefaultAppDomainAssemblyResolver" value="False" />
      <setting name="NumberOfTestWorkers" value="4" />
    </settings>
    <properties>
      <property name="_PID" value="2064" />
      <property name="_APPDOMAIN" value="domain-" />
    </properties>
    <test-suite type="TestSuite" id="0-1022" name="LW2CalcTest" fullname="LW2CalcTest" runstate="Runnable" testcasecount="20" result="Passed" start-time="2017-10-01 10:36:24Z" end-time="2017-10-01 10:36:24Z" duration="0.053029" total="20" passed="20" failed="0" warnings="0" inconclusive="0" skipped="0" asserts="20">
      <test-suite type="TestFixture" id="0-1000" name="CalcTest" fullname="LW2CalcTest.CalcTest" classname="LW2CalcTest.CalcTest" runstate="Runnable" testcasecount="20" result="Passed" start-time="2017-10-01 10:36:24Z" end-time="2017-10-01 10:36:24Z" duration="0.045181" total="20" passed="20" failed="0" warnings="0" inconclusive="0" skipped="0" asserts="20">
        <test-case id="0-1011" name="TestDivMaxAndMinValue" fullname="LW2CalcTest.CalcTest.TestDivMaxAndMinValue" methodname="TestDivMaxAndMinValue" classname="LW2CalcTest.CalcTest" runstate="Runnable" seed="746287018" result="Passed" start-time="2017-10-01 10:36:24Z" end-time="2017-10-01 10:36:24Z" duration="0.026191" asserts="1" />
        <test-case id="0-1012" name="TestDivMinAndMinValue" fullname="LW2CalcTest.CalcTest.TestDivMinAndMinValue" methodname="TestDivMinAndMinValue" classname="LW2CalcTest.CalcTest" runstate="Runnable" seed="1094475867" result="Passed" start-time="2017-10-01 10:36:24Z" end-time="2017-10-01 10:36:24Z" duration="0.000374" asserts="1" />
        <test-case id="0-1013" name="TestDivTenAndTwoDotFive" fullname="LW2CalcTest.CalcTest.TestDivTenAndTwoDotFive" methodname="TestDivTenAndTwoDotFive" classname="LW2CalcTest.CalcTest" runstate="Runnable" seed="575920436" result="Passed" start-time="2017-10-01 10:36:24Z" end-time="2017-10-01 10:36:24Z" duration="0.000279" asserts="1" />
        <test-case id="0-1015" name="TestDivTenNegativeAndTwoDotFive" fullname="LW2CalcTest.CalcTest.TestDivTenNegativeAndTwoDotFive" methodname="TestDivTenNegativeAndTwoDotFive" classname="LW2CalcTest.CalcTest" runstate="Runnable" seed="1180284819" result="Passed" start-time="2017-10-01 10:36:24Z" end-time="2017-10-01 10:36:24Z" duration="0.000259" asserts="1" />
        <test-case id="0-1014" name="TestDivTwoDotFiveAndTen" fullname="LW2CalcTest.CalcTest.TestDivTwoDotFiveAndTen" methodname="TestDivTwoDotFiveAndTen" classname="LW2CalcTest.CalcTest" runstate="Runnable" seed="911207197" result="Passed" start-time="2017-10-01 10:36:24Z" end-time="2017-10-01 10:36:24Z" duration="0.000265" asserts="1" />
        <test-case id="0-1007" name="TestMinusMaxAndMaxValue" fullname="LW2CalcTest.CalcTest.TestMinusMaxAndMaxValue" methodname="TestMinusMaxAndMaxValue" classname="LW2CalcTest.CalcTest" runstate="Runnable" seed="1599532824" result="Passed" start-time="2017-10-01 10:36:24Z" end-time="2017-10-01 10:36:24Z" duration="0.000340" asserts="1" />
        <test-case id="0-1006" name="TestMinusMaxAndMinValue" fullname="LW2CalcTest.CalcTest.TestMinusMaxAndMinValue" methodname="TestMinusMaxAndMinValue" classname="LW2CalcTest.CalcTest" runstate="Runnable" seed="1466664772" result="Passed" start-time="2017-10-01 10:36:24Z" end-time="2017-10-01 10:36:24Z" duration="0.000249" asserts="1" />
        <test-case id="0-1009" name="TestMinusTenAndTenNegative" fullname="LW2CalcTest.CalcTest.TestMinusTenAndTenNegative" methodname="TestMinusTenAndTenNegative" classname="LW2CalcTest.CalcTest" runstate="Runnable" seed="2031537383" result="Passed" start-time="2017-10-01 10:36:24Z" end-time="2017-10-01 10:36:24Z" duration="0.000246" asserts="1" />
        <test-case id="0-1010" name="TestMinusTenNegativeAndTen" fullname="LW2CalcTest.CalcTest.TestMinusTenNegativeAndTen" methodname="TestMinusTenNegativeAndTen" classname="LW2CalcTest.CalcTest" runstate="Runnable" seed="689105813" result="Passed" start-time="2017-10-01 10:36:24Z" end-time="2017-10-01 10:36:24Z" duration="0.000246" asserts="1" />
        <test-case id="0-1008" name="TestMinusTenNegativeAndTenNegative" fullname="LW2CalcTest.CalcTest.TestMinusTenNegativeAndTenNegative" methodname="TestMinusTenNegativeAndTenNegative" classname="LW2CalcTest.CalcTest" runstate="Runnable" seed="1705527646" result="Passed" start-time="2017-10-01 10:36:24Z" end-time="2017-10-01 10:36:24Z" duration="0.000253" asserts="1" />
        <test-case id="0-1018" name="TestMultMaxAndMinValue" fullname="LW2CalcTest.CalcTest.TestMultMaxAndMinValue" methodname="TestMultMaxAndMinValue" classname="LW2CalcTest.CalcTest" runstate="Runnable" seed="1819170818" result="Passed" start-time="2017-10-01 10:36:24Z" end-time="2017-10-01 10:36:24Z" duration="0.000374" asserts="1" />
        <test-case id="0-1019" name="TestMultMinAndMinValue" fullname="LW2CalcTest.CalcTest.TestMultMinAndMinValue" methodname="TestMultMinAndMinValue" classname="LW2CalcTest.CalcTest" runstate="Runnable" seed="1194029214" result="Passed" start-time="2017-10-01 10:36:24Z" end-time="2017-10-01 10:36:24Z" duration="0.000235" asserts="1" />
        <test-case id="0-1016" name="TestMultTenAndTenNegative" fullname="LW2CalcTest.CalcTest.TestMultTenAndTenNegative" methodname="TestMultTenAndTenNegative" classname="LW2CalcTest.CalcTest" runstate="Runnable" seed="1764195025" result="Passed" start-time="2017-10-01 10:36:24Z" end-time="2017-10-01 10:36:24Z" duration="0.000264" asserts="1" />
        <test-case id="0-1017" name="TestMultTenAndTwoDotFive" fullname="LW2CalcTest.CalcTest.TestMultTenAndTwoDotFive" methodname="TestMultTenAndTwoDotFive" classname="LW2CalcTest.CalcTest" runstate="Runnable" seed="357517046" result="Passed" start-time="2017-10-01 10:36:24Z" end-time="2017-10-01 10:36:24Z" duration="0.000288" asserts="1" />
        <test-case id="0-1020" name="TestMultTenNegativeAndTwoDotFive" fullname="LW2CalcTest.CalcTest.TestMultTenNegativeAndTwoDotFive" methodname="TestMultTenNegativeAndTwoDotFive" classname="LW2CalcTest.CalcTest" runstate="Runnable" seed="823349966" result="Passed" start-time="2017-10-01 10:36:24Z" end-time="2017-10-01 10:36:24Z" duration="0.000232" asserts="1" />
        <test-case id="0-1005" name="TestSumMaxAndMaxValue" fullname="LW2CalcTest.CalcTest.TestSumMaxAndMaxValue" methodname="TestSumMaxAndMaxValue" classname="LW2CalcTest.CalcTest" runstate="Runnable" seed="1750832048" result="Passed" start-time="2017-10-01 10:36:24Z" end-time="2017-10-01 10:36:24Z" duration="0.000315" asserts="1" />
        <test-case id="0-1002" name="TestSumMaxAndMinValue" fullname="LW2CalcTest.CalcTest.TestSumMaxAndMinValue" methodname="TestSumMaxAndMinValue" classname="LW2CalcTest.CalcTest" runstate="Runnable" seed="1010381774" result="Passed" start-time="2017-10-01 10:36:24Z" end-time="2017-10-01 10:36:24Z" duration="0.000276" asserts="1" />
        <test-case id="0-1003" name="TestSumMaxAndTen" fullname="LW2CalcTest.CalcTest.TestSumMaxAndTen" methodname="TestSumMaxAndTen" classname="LW2CalcTest.CalcTest" runstate="Runnable" seed="1245521754" result="Passed" start-time="2017-10-01 10:36:24Z" end-time="2017-10-01 10:36:24Z" duration="0.000345" asserts="1" />
        <test-case id="0-1001" name="TestSumTenAndTenNegative" fullname="LW2CalcTest.CalcTest.TestSumTenAndTenNegative" methodname="TestSumTenAndTenNegative" classname="LW2CalcTest.CalcTest" runstate="Runnable" seed="1830259780" result="Passed" start-time="2017-10-01 10:36:24Z" end-time="2017-10-01 10:36:24Z" duration="0.000210" asserts="1" />
        <test-case id="0-1004" name="TestSumTenNegativeAndMinValue" fullname="LW2CalcTest.CalcTest.TestSumTenNegativeAndMinValue" methodname="TestSumTenNegativeAndMinValue" classname="LW2CalcTest.CalcTest" runstate="Runnable" seed="1238015505" result="Passed" start-time="2017-10-01 10:36:24Z" end-time="2017-10-01 10:36:24Z" duration="0.000176" asserts="1" />
      </test-suite>
    </test-suite>
  </test-suite>
</test-run>